<?xml version="1.0" encoding="UTF-8"?>
<!-- Generated by org.testng.reporters.JUnitReportReporter -->
<testsuite hostname="AsusM" failures="0" tests="1" name="TestClasses.AmazonToPurchase" time="32.762" errors="0" timestamp="2022-10-26T04:10:07 EDT" skipped="0">
  <testcase classname="TestClasses.AmazonToPurchase" name="functions" time="32.762"/>
  <system-out/>
</testsuite> <!-- TestClasses.AmazonToPurchase -->
